c:\users\user\documents\github\cs470_midterm\cs470_midterm\debug\vc120.pdb
c:\users\user\documents\github\cs470_midterm\cs470_midterm\debug\vc120.idb
c:\users\user\documents\github\cs470_midterm\cs470_midterm\debug\camera.obj
c:\users\user\documents\github\cs470_midterm\cs470_midterm\debug\d3dapp.obj
c:\users\user\documents\github\cs470_midterm\cs470_midterm\debug\d3dutil.obj
c:\users\user\documents\github\cs470_midterm\cs470_midterm\debug\gametimer.obj
c:\users\user\documents\github\cs470_midterm\cs470_midterm\debug\geometrygenerator.obj
c:\users\user\documents\github\cs470_midterm\cs470_midterm\debug\lighthelper.obj
c:\users\user\documents\github\cs470_midterm\cs470_midterm\debug\mathhelper.obj
c:\users\user\documents\github\cs470_midterm\cs470_midterm\debug\texturemgr.obj
c:\users\user\documents\github\cs470_midterm\cs470_midterm\debug\waves.obj
c:\users\user\documents\github\cs470_midterm\cs470_midterm\debug\xnacollision.obj
c:\users\user\documents\github\cs470_midterm\cs470_midterm\debug\effects.obj
c:\users\user\documents\github\cs470_midterm\cs470_midterm\debug\main.obj
c:\users\user\documents\github\cs470_midterm\cs470_midterm\debug\meshgeometry.obj
c:\users\user\documents\github\cs470_midterm\cs470_midterm\debug\particlesystem.obj
c:\users\user\documents\github\cs470_midterm\cs470_midterm\debug\renderstates.obj
c:\users\user\documents\github\cs470_midterm\cs470_midterm\debug\sky.obj
c:\users\user\documents\github\cs470_midterm\cs470_midterm\debug\terrain.obj
c:\users\user\documents\github\cs470_midterm\cs470_midterm\debug\vertex.obj
c:\users\user\documents\github\cs470_midterm\cs470_midterm\debug\world.obj
c:\users\user\documents\github\cs470_midterm\debug\basic.cso
c:\users\user\documents\github\cs470_midterm\debug\fire.cso
c:\users\user\documents\github\cs470_midterm\debug\lighthelper.cso
c:\users\user\documents\github\cs470_midterm\debug\meshfx.cso
c:\users\user\documents\github\cs470_midterm\debug\rain.cso
c:\users\user\documents\github\cs470_midterm\debug\sky.cso
c:\users\user\documents\github\cs470_midterm\debug\terrain.cso
c:\users\user\documents\github\cs470_midterm\debug\cs470_midterm.ilk
c:\users\user\documents\github\cs470_midterm\debug\cs470_midterm.exe
c:\users\user\documents\github\cs470_midterm\debug\cs470_midterm.pdb
c:\users\user\documents\github\cs470_midterm\cs470_midterm\debug\cs470_midterm.tlog\cl.command.1.tlog
c:\users\user\documents\github\cs470_midterm\cs470_midterm\debug\cs470_midterm.tlog\cl.read.1.tlog
c:\users\user\documents\github\cs470_midterm\cs470_midterm\debug\cs470_midterm.tlog\cl.write.1.tlog
c:\users\user\documents\github\cs470_midterm\cs470_midterm\debug\cs470_midterm.tlog\cs470_midterm.write.1u.tlog
c:\users\user\documents\github\cs470_midterm\cs470_midterm\debug\cs470_midterm.tlog\fxc.command.1.tlog
c:\users\user\documents\github\cs470_midterm\cs470_midterm\debug\cs470_midterm.tlog\fxc.read.1.tlog
c:\users\user\documents\github\cs470_midterm\cs470_midterm\debug\cs470_midterm.tlog\fxc.write.1.tlog
c:\users\user\documents\github\cs470_midterm\cs470_midterm\debug\cs470_midterm.tlog\link.command.1.tlog
c:\users\user\documents\github\cs470_midterm\cs470_midterm\debug\cs470_midterm.tlog\link.read.1.tlog
c:\users\user\documents\github\cs470_midterm\cs470_midterm\debug\cs470_midterm.tlog\link.write.1.tlog
